app/build/outputs/logs/manifest-merger-debug-report.txt
-- Merging decision tree log ---
manifest
ADDED from src/main/AndroidManifest.xml:2:1-60:12
	package
		ADDED from src/main/AndroidManifest.xml:3:5-38
		INJECTED from src/main/AndroidManifest.xml
		INJECTED from src/main/AndroidManifest.xml
	android:versionName
		ADDED from src/main/AndroidManifest.xml:5:5-30
		INJECTED from src/main/AndroidManifest.xml
		INJECTED from src/main/AndroidManifest.xml
	android:versionCode
		ADDED from src/main/AndroidManifest.xml:4:5-28
		INJECTED from src/main/AndroidManifest.xml
		INJECTED from src/main/AndroidManifest.xml
	xmlns:android
		ADDED from src/main/AndroidManifest.xml:2:11-69
uses-sdk
ADDED from src/main/AndroidManifest.xml:7:5-9:41
MERGED from [com.getpebble:pebblekit:3.0.0] AndroidManifest.xml:7:5-9:41
	android:targetSdkVersion
		ADDED from src/main/AndroidManifest.xml:9:9-38
		INJECTED from src/main/AndroidManifest.xml
		INJECTED from src/main/AndroidManifest.xml
	android:minSdkVersion
		ADDED from src/main/AndroidManifest.xml:8:9-34
		INJECTED from src/main/AndroidManifest.xml
		INJECTED from src/main/AndroidManifest.xml
application
ADDED from src/main/AndroidManifest.xml:11:5-40:19
	android:label
		ADDED from src/main/AndroidManifest.xml:14:9-41
	android:allowBackup
		ADDED from src/main/AndroidManifest.xml:12:9-35
	android:icon
		ADDED from src/main/AndroidManifest.xml:13:9-45
	android:theme
		ADDED from src/main/AndroidManifest.xml:15:9-40
activity#com.harman.wirelessomni.MainActivity
ADDED from src/main/AndroidManifest.xml:16:9-24:20
	android:label
		ADDED from src/main/AndroidManifest.xml:18:13-45
	android:name
		ADDED from src/main/AndroidManifest.xml:17:13-64
intent-filter#android.intent.action.MAIN+android.intent.category.LAUNCHER
ADDED from src/main/AndroidManifest.xml:19:13-23:29
action#android.intent.action.MAIN
ADDED from src/main/AndroidManifest.xml:20:17-69
	android:name
		ADDED from src/main/AndroidManifest.xml:20:25-66
category#android.intent.category.LAUNCHER
ADDED from src/main/AndroidManifest.xml:22:17-77
	android:name
		ADDED from src/main/AndroidManifest.xml:22:27-74
service#com.harman.wirelessomni.MusicPlayerService
ADDED from src/main/AndroidManifest.xml:26:9-31:19
	android:name
		ADDED from src/main/AndroidManifest.xml:27:13-70
intent-filter#com.harman.wirelessomni.MusicPlayer
ADDED from src/main/AndroidManifest.xml:28:13-30:29
action#com.harman.wirelessomni.MusicPlayer
ADDED from src/main/AndroidManifest.xml:29:17-78
	android:name
		ADDED from src/main/AndroidManifest.xml:29:25-75
receiver#com.harman.wirelessomni.BootBroadcast
ADDED from src/main/AndroidManifest.xml:33:9-38:20
	android:name
		ADDED from src/main/AndroidManifest.xml:34:13-65
intent-filter#android.intent.action.BOOT_COMPLETED
ADDED from src/main/AndroidManifest.xml:35:13-37:29
action#android.intent.action.BOOT_COMPLETED
ADDED from src/main/AndroidManifest.xml:36:18-80
	android:name
		ADDED from src/main/AndroidManifest.xml:36:26-77
uses-permission#android.permission.MOUNT_UNMOUNT_FILESYSTEMS
ADDED from src/main/AndroidManifest.xml:42:5-84
	android:name
		ADDED from src/main/AndroidManifest.xml:42:22-81
uses-permission#android.permission.READ_EXTERNAL_STORAGE
ADDED from src/main/AndroidManifest.xml:43:5-80
	android:name
		ADDED from src/main/AndroidManifest.xml:43:22-77
uses-permission#android.permission.WRITE_EXTERNAL_STORAGE
ADDED from src/main/AndroidManifest.xml:44:5-81
	android:name
		ADDED from src/main/AndroidManifest.xml:44:22-78
uses-permission#android.permission.WRITE_INTERNAL_STORAGE
ADDED from src/main/AndroidManifest.xml:45:5-81
	android:name
		ADDED from src/main/AndroidManifest.xml:45:22-78
uses-permission#android.permission.INTERNET
ADDED from src/main/AndroidManifest.xml:47:5-66
	android:name
		ADDED from src/main/AndroidManifest.xml:47:22-64
uses-permission#android.permission.WAKE_LOCK
ADDED from src/main/AndroidManifest.xml:48:5-67
	android:name
		ADDED from src/main/AndroidManifest.xml:48:22-65
uses-permission#android.permission.ACCESS_WIFI_STATE
ADDED from src/main/AndroidManifest.xml:49:5-75
	android:name
		ADDED from src/main/AndroidManifest.xml:49:22-73
uses-permission#android.permission.CHANGE_WIFI_STATE
ADDED from src/main/AndroidManifest.xml:50:5-75
	android:name
		ADDED from src/main/AndroidManifest.xml:50:22-73
uses-permission#android.permission.CHANGE_WIFI_MULTICAST_STATE
ADDED from src/main/AndroidManifest.xml:51:5-85
	android:name
		ADDED from src/main/AndroidManifest.xml:51:22-83
uses-permission#android.permission.ACCESS_NETWORK_STATE
ADDED from src/main/AndroidManifest.xml:52:5-78
	android:name
		ADDED from src/main/AndroidManifest.xml:52:22-76
uses-permission#android.permission.CHANGE_NETWORK_STATE
ADDED from src/main/AndroidManifest.xml:53:5-78
	android:name
		ADDED from src/main/AndroidManifest.xml:53:22-76
uses-permission#android.permission.WRITE_SETTINGS
ADDED from src/main/AndroidManifest.xml:54:5-72
	android:name
		ADDED from src/main/AndroidManifest.xml:54:22-70
uses-permission#android.permission.RECORD_AUDIO
ADDED from src/main/AndroidManifest.xml:55:6-72
	android:name
		ADDED from src/main/AndroidManifest.xml:55:23-69
uses-permission#android.permission.ADD_SYSTEM_SERVICE
ADDED from src/main/AndroidManifest.xml:57:5-76
	android:name
		ADDED from src/main/AndroidManifest.xml:57:22-74
uses-permission#android.permission.RECEIVE_BOOT_COMPLETED
ADDED from src/main/AndroidManifest.xml:58:5-81
	android:name
		ADDED from src/main/AndroidManifest.xml:58:22-78